2015-11-08 23:20:09,727 - Log4JLogChute initialized using file 'velocity.log'
2015-11-08 23:20:09,727 - Velocity was not initialized! Calling init()...
2015-11-08 23:20:09,727 - Starting Apache Velocity v1.5 (compiled: 2007-02-22 08:52:29)
2015-11-08 23:20:09,727 - Default Properties File: org\apache\velocity\runtime\defaults\velocity.properties
2015-11-08 23:20:09,727 - Trying to use logger class org.apache.velocity.runtime.log.AvalonLogChute
2015-11-08 23:20:09,742 - Couldn't find class org.apache.velocity.runtime.log.AvalonLogChute or necessary supporting classes in classpath.
java.lang.NoClassDefFoundError: org/apache/log/format/Formatter
	at java.lang.Class.forName0(Native Method)
	at java.lang.Class.forName(Class.java:348)
	at org.apache.velocity.util.ClassUtils.getClass(ClassUtils.java:63)
	at org.apache.velocity.util.ClassUtils.getNewInstance(ClassUtils.java:95)
	at org.apache.velocity.runtime.log.LogManager.createLogChute(LogManager.java:147)
	at org.apache.velocity.runtime.log.LogManager.updateLog(LogManager.java:208)
	at org.apache.velocity.runtime.RuntimeInstance.initializeLog(RuntimeInstance.java:728)
	at org.apache.velocity.runtime.RuntimeInstance.init(RuntimeInstance.java:240)
	at org.apache.velocity.runtime.RuntimeInstance.parse(RuntimeInstance.java:993)
	at org.apache.velocity.runtime.RuntimeInstance.parse(RuntimeInstance.java:972)
	at org.apache.velocity.runtime.RuntimeSingleton.parse(RuntimeSingleton.java:265)
	at org.apache.velocity.app.Velocity.evaluate(Velocity.java:274)
	at org.sonatype.mavenbook.weather.WeatherFormatter.format(WeatherFormatter.java:21)
	at org.sonatype.mavenbook.weather.yahoo.WeatherFormatterTest.testFormat(WeatherFormatterTest.java:23)
	at sun.reflect.NativeMethodAccessorImpl.invoke0(Native Method)
	at sun.reflect.NativeMethodAccessorImpl.invoke(NativeMethodAccessorImpl.java:62)
	at sun.reflect.DelegatingMethodAccessorImpl.invoke(DelegatingMethodAccessorImpl.java:43)
	at java.lang.reflect.Method.invoke(Method.java:497)
	at junit.framework.TestCase.runTest(TestCase.java:176)
	at junit.framework.TestCase.runBare(TestCase.java:141)
	at junit.framework.TestResult$1.protect(TestResult.java:122)
	at junit.framework.TestResult.runProtected(TestResult.java:142)
	at junit.framework.TestResult.run(TestResult.java:125)
	at junit.framework.TestCase.run(TestCase.java:129)
	at junit.framework.TestSuite.runTest(TestSuite.java:252)
	at junit.framework.TestSuite.run(TestSuite.java:247)
	at org.junit.internal.runners.JUnit38ClassRunner.run(JUnit38ClassRunner.java:86)
	at org.apache.maven.surefire.junit4.JUnit4Provider.execute(JUnit4Provider.java:252)
	at org.apache.maven.surefire.junit4.JUnit4Provider.executeTestSet(JUnit4Provider.java:141)
	at org.apache.maven.surefire.junit4.JUnit4Provider.invoke(JUnit4Provider.java:112)
	at sun.reflect.NativeMethodAccessorImpl.invoke0(Native Method)
	at sun.reflect.NativeMethodAccessorImpl.invoke(NativeMethodAccessorImpl.java:62)
	at sun.reflect.DelegatingMethodAccessorImpl.invoke(DelegatingMethodAccessorImpl.java:43)
	at java.lang.reflect.Method.invoke(Method.java:497)
	at org.apache.maven.surefire.util.ReflectionUtils.invokeMethodWithArray(ReflectionUtils.java:189)
	at org.apache.maven.surefire.booter.ProviderFactory$ProviderProxy.invoke(ProviderFactory.java:165)
	at org.apache.maven.surefire.booter.ProviderFactory.invokeProvider(ProviderFactory.java:85)
	at org.apache.maven.surefire.booter.ForkedBooter.runSuitesInProcess(ForkedBooter.java:115)
	at org.apache.maven.surefire.booter.ForkedBooter.main(ForkedBooter.java:75)
Caused by: java.lang.ClassNotFoundException: org.apache.log.format.Formatter
	at java.net.URLClassLoader.findClass(URLClassLoader.java:381)
	at java.lang.ClassLoader.loadClass(ClassLoader.java:424)
	at sun.misc.Launcher$AppClassLoader.loadClass(Launcher.java:331)
	at java.lang.ClassLoader.loadClass(ClassLoader.java:357)
	... 39 more
2015-11-08 23:20:09,758 - Trying to use logger class org.apache.velocity.runtime.log.Log4JLogChute
2015-11-08 23:20:09,758 - Using logger class org.apache.velocity.runtime.log.Log4JLogChute
2015-11-08 23:20:09,758 - Default ResourceManager initializing. (class org.apache.velocity.runtime.resource.ResourceManagerImpl)
2015-11-08 23:20:09,758 - ResourceLoader instantiated: org.apache.velocity.runtime.resource.loader.FileResourceLoader
2015-11-08 23:20:09,773 - Do unicode file recognition:  false
2015-11-08 23:20:09,773 - FileResourceLoader : adding path '.'
2015-11-08 23:20:09,820 - ResourceCache: initialized (class org.apache.velocity.runtime.resource.ResourceCacheImpl)
2015-11-08 23:20:09,820 - Loaded System Directive: org.apache.velocity.runtime.directive.Literal
2015-11-08 23:20:09,820 - Loaded System Directive: org.apache.velocity.runtime.directive.Macro
2015-11-08 23:20:09,820 - Loaded System Directive: org.apache.velocity.runtime.directive.Parse
2015-11-08 23:20:09,820 - Loaded System Directive: org.apache.velocity.runtime.directive.Include
2015-11-08 23:20:09,820 - Loaded System Directive: org.apache.velocity.runtime.directive.Foreach
2015-11-08 23:20:09,898 - Created '20' parsers.
2015-11-08 23:20:09,914 - Velocimacro : "velocimacro.library" is not set.  Trying default library: VM_global_library.vm
2015-11-08 23:20:09,914 - Velocimacro : Default library not found.
2015-11-08 23:20:09,914 - Velocimacro : allowInline = true : VMs can be defined inline in templates
2015-11-08 23:20:09,914 - Velocimacro : allowInlineToOverride = false : VMs defined inline may NOT replace previous VM definitions
2015-11-08 23:20:09,914 - Velocimacro : allowInlineLocal = false : VMs defined inline will be global in scope if allowed.
2015-11-08 23:20:09,914 - Velocimacro : autoload off : VM system will not automatically reload global library macros
2015-11-08 23:41:01,472 - Log4JLogChute initialized using file 'velocity.log'
2015-11-08 23:41:01,551 - Velocity was not initialized! Calling init()...
2015-11-08 23:41:01,551 - Starting Apache Velocity v1.5 (compiled: 2007-02-22 08:52:29)
2015-11-08 23:41:01,551 - Default Properties File: org\apache\velocity\runtime\defaults\velocity.properties
2015-11-08 23:41:01,551 - Trying to use logger class org.apache.velocity.runtime.log.AvalonLogChute
2015-11-08 23:41:01,566 - Couldn't find class org.apache.velocity.runtime.log.AvalonLogChute or necessary supporting classes in classpath.
java.lang.NoClassDefFoundError: org/apache/log/format/Formatter
	at java.lang.Class.forName0(Native Method)
	at java.lang.Class.forName(Class.java:348)
	at org.apache.velocity.util.ClassUtils.getClass(ClassUtils.java:63)
	at org.apache.velocity.util.ClassUtils.getNewInstance(ClassUtils.java:95)
	at org.apache.velocity.runtime.log.LogManager.createLogChute(LogManager.java:147)
	at org.apache.velocity.runtime.log.LogManager.updateLog(LogManager.java:208)
	at org.apache.velocity.runtime.RuntimeInstance.initializeLog(RuntimeInstance.java:728)
	at org.apache.velocity.runtime.RuntimeInstance.init(RuntimeInstance.java:240)
	at org.apache.velocity.runtime.RuntimeInstance.parse(RuntimeInstance.java:993)
	at org.apache.velocity.runtime.RuntimeInstance.parse(RuntimeInstance.java:972)
	at org.apache.velocity.runtime.RuntimeSingleton.parse(RuntimeSingleton.java:265)
	at org.apache.velocity.app.Velocity.evaluate(Velocity.java:274)
	at org.sonatype.mavenbook.weather.WeatherFormatter.format(WeatherFormatter.java:21)
	at org.sonatype.mavenbook.weather.yahoo.WeatherFormatterTest.testFormat(WeatherFormatterTest.java:23)
	at sun.reflect.NativeMethodAccessorImpl.invoke0(Native Method)
	at sun.reflect.NativeMethodAccessorImpl.invoke(NativeMethodAccessorImpl.java:62)
	at sun.reflect.DelegatingMethodAccessorImpl.invoke(DelegatingMethodAccessorImpl.java:43)
	at java.lang.reflect.Method.invoke(Method.java:497)
	at junit.framework.TestCase.runTest(TestCase.java:176)
	at junit.framework.TestCase.runBare(TestCase.java:141)
	at junit.framework.TestResult$1.protect(TestResult.java:122)
	at junit.framework.TestResult.runProtected(TestResult.java:142)
	at junit.framework.TestResult.run(TestResult.java:125)
	at junit.framework.TestCase.run(TestCase.java:129)
	at junit.framework.TestSuite.runTest(TestSuite.java:252)
	at junit.framework.TestSuite.run(TestSuite.java:247)
	at org.junit.internal.runners.JUnit38ClassRunner.run(JUnit38ClassRunner.java:86)
	at org.apache.maven.surefire.junit4.JUnit4Provider.execute(JUnit4Provider.java:252)
	at org.apache.maven.surefire.junit4.JUnit4Provider.executeTestSet(JUnit4Provider.java:141)
	at org.apache.maven.surefire.junit4.JUnit4Provider.invoke(JUnit4Provider.java:112)
	at sun.reflect.NativeMethodAccessorImpl.invoke0(Native Method)
	at sun.reflect.NativeMethodAccessorImpl.invoke(NativeMethodAccessorImpl.java:62)
	at sun.reflect.DelegatingMethodAccessorImpl.invoke(DelegatingMethodAccessorImpl.java:43)
	at java.lang.reflect.Method.invoke(Method.java:497)
	at org.apache.maven.surefire.util.ReflectionUtils.invokeMethodWithArray(ReflectionUtils.java:189)
	at org.apache.maven.surefire.booter.ProviderFactory$ProviderProxy.invoke(ProviderFactory.java:165)
	at org.apache.maven.surefire.booter.ProviderFactory.invokeProvider(ProviderFactory.java:85)
	at org.apache.maven.surefire.booter.ForkedBooter.runSuitesInProcess(ForkedBooter.java:115)
	at org.apache.maven.surefire.booter.ForkedBooter.main(ForkedBooter.java:75)
Caused by: java.lang.ClassNotFoundException: org.apache.log.format.Formatter
	at java.net.URLClassLoader.findClass(URLClassLoader.java:381)
	at java.lang.ClassLoader.loadClass(ClassLoader.java:424)
	at sun.misc.Launcher$AppClassLoader.loadClass(Launcher.java:331)
	at java.lang.ClassLoader.loadClass(ClassLoader.java:357)
	... 39 more
2015-11-08 23:41:01,566 - Trying to use logger class org.apache.velocity.runtime.log.Log4JLogChute
2015-11-08 23:41:01,566 - Using logger class org.apache.velocity.runtime.log.Log4JLogChute
2015-11-08 23:41:01,566 - Default ResourceManager initializing. (class org.apache.velocity.runtime.resource.ResourceManagerImpl)
2015-11-08 23:41:01,566 - ResourceLoader instantiated: org.apache.velocity.runtime.resource.loader.FileResourceLoader
2015-11-08 23:41:01,582 - Do unicode file recognition:  false
2015-11-08 23:41:01,582 - FileResourceLoader : adding path '.'
2015-11-08 23:41:01,597 - ResourceCache: initialized (class org.apache.velocity.runtime.resource.ResourceCacheImpl)
2015-11-08 23:41:01,597 - Loaded System Directive: org.apache.velocity.runtime.directive.Literal
2015-11-08 23:41:01,597 - Loaded System Directive: org.apache.velocity.runtime.directive.Macro
2015-11-08 23:41:01,597 - Loaded System Directive: org.apache.velocity.runtime.directive.Parse
2015-11-08 23:41:01,613 - Loaded System Directive: org.apache.velocity.runtime.directive.Include
2015-11-08 23:41:01,613 - Loaded System Directive: org.apache.velocity.runtime.directive.Foreach
2015-11-08 23:41:01,691 - Created '20' parsers.
2015-11-08 23:41:01,691 - Velocimacro : "velocimacro.library" is not set.  Trying default library: VM_global_library.vm
2015-11-08 23:41:01,691 - Velocimacro : Default library not found.
2015-11-08 23:41:01,691 - Velocimacro : allowInline = true : VMs can be defined inline in templates
2015-11-08 23:41:01,691 - Velocimacro : allowInlineToOverride = false : VMs defined inline may NOT replace previous VM definitions
2015-11-08 23:41:01,691 - Velocimacro : allowInlineLocal = false : VMs defined inline will be global in scope if allowed.
2015-11-08 23:41:01,691 - Velocimacro : autoload off : VM system will not automatically reload global library macros
2015-11-09 15:29:07,983 - Log4JLogChute initialized using file 'velocity.log'
2015-11-09 15:29:07,984 - Velocity was not initialized! Calling init()...
2015-11-09 15:29:07,984 - Starting Apache Velocity v1.5 (compiled: 2007-02-22 08:52:29)
2015-11-09 15:29:07,984 - Default Properties File: org\apache\velocity\runtime\defaults\velocity.properties
2015-11-09 15:29:07,984 - Trying to use logger class org.apache.velocity.runtime.log.AvalonLogChute
2015-11-09 15:29:07,986 - Couldn't find class org.apache.velocity.runtime.log.AvalonLogChute or necessary supporting classes in classpath.
java.lang.NoClassDefFoundError: org/apache/log/format/Formatter
	at java.lang.Class.forName0(Native Method)
	at java.lang.Class.forName(Class.java:348)
	at org.apache.velocity.util.ClassUtils.getClass(ClassUtils.java:63)
	at org.apache.velocity.util.ClassUtils.getNewInstance(ClassUtils.java:95)
	at org.apache.velocity.runtime.log.LogManager.createLogChute(LogManager.java:147)
	at org.apache.velocity.runtime.log.LogManager.updateLog(LogManager.java:208)
	at org.apache.velocity.runtime.RuntimeInstance.initializeLog(RuntimeInstance.java:728)
	at org.apache.velocity.runtime.RuntimeInstance.init(RuntimeInstance.java:240)
	at org.apache.velocity.runtime.RuntimeInstance.parse(RuntimeInstance.java:993)
	at org.apache.velocity.runtime.RuntimeInstance.parse(RuntimeInstance.java:972)
	at org.apache.velocity.runtime.RuntimeSingleton.parse(RuntimeSingleton.java:265)
	at org.apache.velocity.app.Velocity.evaluate(Velocity.java:274)
	at org.sonatype.mavenbook.weather.WeatherFormatter.format(WeatherFormatter.java:21)
	at org.sonatype.mavenbook.weather.yahoo.WeatherFormatterTest.testFormat(WeatherFormatterTest.java:23)
	at sun.reflect.NativeMethodAccessorImpl.invoke0(Native Method)
	at sun.reflect.NativeMethodAccessorImpl.invoke(NativeMethodAccessorImpl.java:62)
	at sun.reflect.DelegatingMethodAccessorImpl.invoke(DelegatingMethodAccessorImpl.java:43)
	at java.lang.reflect.Method.invoke(Method.java:497)
	at junit.framework.TestCase.runTest(TestCase.java:176)
	at junit.framework.TestCase.runBare(TestCase.java:141)
	at junit.framework.TestResult$1.protect(TestResult.java:122)
	at junit.framework.TestResult.runProtected(TestResult.java:142)
	at junit.framework.TestResult.run(TestResult.java:125)
	at junit.framework.TestCase.run(TestCase.java:129)
	at junit.framework.TestSuite.runTest(TestSuite.java:252)
	at junit.framework.TestSuite.run(TestSuite.java:247)
	at org.junit.internal.runners.JUnit38ClassRunner.run(JUnit38ClassRunner.java:86)
	at org.apache.maven.surefire.junit4.JUnit4Provider.execute(JUnit4Provider.java:252)
	at org.apache.maven.surefire.junit4.JUnit4Provider.executeTestSet(JUnit4Provider.java:141)
	at org.apache.maven.surefire.junit4.JUnit4Provider.invoke(JUnit4Provider.java:112)
	at sun.reflect.NativeMethodAccessorImpl.invoke0(Native Method)
	at sun.reflect.NativeMethodAccessorImpl.invoke(NativeMethodAccessorImpl.java:62)
	at sun.reflect.DelegatingMethodAccessorImpl.invoke(DelegatingMethodAccessorImpl.java:43)
	at java.lang.reflect.Method.invoke(Method.java:497)
	at org.apache.maven.surefire.util.ReflectionUtils.invokeMethodWithArray(ReflectionUtils.java:189)
	at org.apache.maven.surefire.booter.ProviderFactory$ProviderProxy.invoke(ProviderFactory.java:165)
	at org.apache.maven.surefire.booter.ProviderFactory.invokeProvider(ProviderFactory.java:85)
	at org.apache.maven.surefire.booter.ForkedBooter.runSuitesInProcess(ForkedBooter.java:115)
	at org.apache.maven.surefire.booter.ForkedBooter.main(ForkedBooter.java:75)
Caused by: java.lang.ClassNotFoundException: org.apache.log.format.Formatter
	at java.net.URLClassLoader.findClass(URLClassLoader.java:381)
	at java.lang.ClassLoader.loadClass(ClassLoader.java:424)
	at sun.misc.Launcher$AppClassLoader.loadClass(Launcher.java:331)
	at java.lang.ClassLoader.loadClass(ClassLoader.java:357)
	... 39 more
2015-11-09 15:29:07,990 - Trying to use logger class org.apache.velocity.runtime.log.Log4JLogChute
2015-11-09 15:29:07,990 - Using logger class org.apache.velocity.runtime.log.Log4JLogChute
2015-11-09 15:29:07,994 - Default ResourceManager initializing. (class org.apache.velocity.runtime.resource.ResourceManagerImpl)
2015-11-09 15:29:08,001 - ResourceLoader instantiated: org.apache.velocity.runtime.resource.loader.FileResourceLoader
2015-11-09 15:29:08,003 - Do unicode file recognition:  false
2015-11-09 15:29:08,003 - FileResourceLoader : adding path '.'
2015-11-09 15:29:08,030 - ResourceCache: initialized (class org.apache.velocity.runtime.resource.ResourceCacheImpl)
2015-11-09 15:29:08,032 - Loaded System Directive: org.apache.velocity.runtime.directive.Literal
2015-11-09 15:29:08,035 - Loaded System Directive: org.apache.velocity.runtime.directive.Macro
2015-11-09 15:29:08,037 - Loaded System Directive: org.apache.velocity.runtime.directive.Parse
2015-11-09 15:29:08,040 - Loaded System Directive: org.apache.velocity.runtime.directive.Include
2015-11-09 15:29:08,042 - Loaded System Directive: org.apache.velocity.runtime.directive.Foreach
2015-11-09 15:29:08,107 - Created '20' parsers.
2015-11-09 15:29:08,118 - Velocimacro : "velocimacro.library" is not set.  Trying default library: VM_global_library.vm
2015-11-09 15:29:08,119 - Velocimacro : Default library not found.
2015-11-09 15:29:08,119 - Velocimacro : allowInline = true : VMs can be defined inline in templates
2015-11-09 15:29:08,119 - Velocimacro : allowInlineToOverride = false : VMs defined inline may NOT replace previous VM definitions
2015-11-09 15:29:08,119 - Velocimacro : allowInlineLocal = false : VMs defined inline will be global in scope if allowed.
2015-11-09 15:29:08,119 - Velocimacro : autoload off : VM system will not automatically reload global library macros
